[1m[34m[1/2] posts/natural-language-processing/index.qmd[39m[22m

Starting python3 kernel...Done

Executing 'index.quarto_ipynb'
  Cell 1/19: ''...Done
  Cell 2/19: ''...Done
  Cell 3/19: ''...Done
  Cell 4/19: ''...Done
  Cell 5/19: ''...sentencepiece_trainer.cc(178) LOG(INFO) Running command: --input=tmp/texts.out --vocab_size=10000 --model_prefix=tmp/spm --character_coverage=0.99999 --model_type=unigram --unk_id=9 --pad_id=-1 --bos_id=-1 --eos_id=-1 --minloglevel=2 --user_defined_symbols=▁xxunk,▁xxpad,▁xxbos,▁xxeos,▁xxfld,▁xxrep,▁xxwrep,▁xxup,▁xxmaj --hard_vocab_limit=false
Done
  Cell 6/19: ''...Done
  Cell 7/19: ''...Done
  Cell 8/19: ''...Done
  Cell 9/19: ''...Done
  Cell 10/19: ''...Done
  Cell 11/19: ''...Done
  Cell 12/19: ''...Done
  Cell 13/19: ''...Done
  Cell 14/19: ''...Done
  Cell 15/19: ''...Done
  Cell 16/19: ''...Done
  Cell 17/19: ''...Done
  Cell 18/19: ''...Done
  Cell 19/19: ''...Done

2025-08-16 02:21:38,059 - traitlets - WARNING - Wait for final termination of kernel timed out - continuing...
[1m[34m[2/2] index.qmd[39m[22m

Output created: ../../_site/posts/natural-language-processing/index.html

